<?xml version="1.0" encoding="UTF-8"?>
<!-- Generated by org.testng.reporters.JUnitReportReporter -->
<testsuite hostname="Babu-PC" name="com.Yatra.automationscript.Demo" tests="1" failures="0" timestamp="14 Sep 2014 12:27:24 GMT" time="254.619" errors="0">
  <testcase name="TakeScreenShoot" time="254.619" classname="com.Yatra.automationscript.Demo"/>
</testsuite> <!-- com.Yatra.automationscript.Demo -->
