<?xml version="1.0" encoding="UTF-8"?>
<!-- Generated by org.testng.reporters.JUnitReportReporter -->
<testsuite hostname="Babu-PC" name="com.Yatra.automationscript.Demo" tests="1" failures="0" timestamp="15 Sep 2014 04:40:23 GMT" time="243.782" errors="0">
  <testcase name="TakeScreenShoot" time="243.782" classname="com.Yatra.automationscript.Demo"/>
</testsuite> <!-- com.Yatra.automationscript.Demo -->
